1731954919691	geckodriver	INFO	Listening on 127.0.0.1:53397
1731954919695	mozrunner::runner	INFO	Running command: MOZ_CRASHREPORTER="1" MOZ_CRASHREPORTER_NO_REPORT="1" MOZ_CRASHREPORTER_SHUTDOWN="1" MOZ_NO_REMOTE="1" "/App ... s" "localhost" "-foreground" "-no-remote" "-profile" "/var/folders/5h/xsdjf4pd4078cywvlgvsdch80000gn/T/rust_mozprofileTBvfvL"
console.warn: services.settings: Ignoring preference override of remote settings server
console.warn: services.settings: Allow by setting MOZ_REMOTE_SETTINGS_DEVTOOLS=1 in the environment
1731954919839	Marionette	INFO	Marionette enabled
console.error: "Warning: unrecognized command line flag" "-remote-allow-hosts"
1731954919993	Marionette	INFO	Listening on port 53403
WebDriver BiDi listening on ws://127.0.0.1:53398
Read port: 53403
1731954920095	RemoteAgent	WARN	TLS certificate errors will be ignored for this session
UNSUPPORTED (log once): POSSIBLE ISSUE: unit 1 GLD_TEXTURE_INDEX_2D is unloadable and bound to sampler type (Float) - using zero texture because texture unloadable
DevTools listening on ws://127.0.0.1:53398/devtools/browser/5e3ae886-d6e5-46f9-8046-047a18fa8650
1731954920606	Marionette	INFO	Stopped listening on port 53403
console.error: services.settings: 
  main/search-categorization Signature failed  [Exception... "<no message>"  nsresult: "0x8046001e (<unknown>)"  location: "JS frame :: resource://gre/modules/ServiceRequest.sys.mjs :: open :: line 128"  data: no]
console.error: ({})
console.error: services.settings: 
  main/tracking-protection-lists Signature failed  Error: Shutdown, aborting read-only worker requests.
console.error: services.settings: 
  main/fingerprinting-protection-overrides Signature failed  Error: Shutdown, aborting read-only worker requests.
console.error: (new Error("Shutdown, aborting read-only worker requests.", "resource://services-settings/RemoteSettingsWorker.sys.mjs", 131))
console.error: (new Error("Shutdown, aborting read-only worker requests.", "resource://services-settings/RemoteSettingsWorker.sys.mjs", 131))
